Flow report for DE0_Nano
Fri Apr 15 02:03:32 2016
Quartus II 64-Bit Version 15.0.0 Build 145 04/22/2015 SJ Web Edition


---------------------
; Table of Contents ;
---------------------
  1. Legal Notice
  2. Flow Summary
  3. Flow Settings
  4. Flow Non-Default Global Settings
  5. Flow Elapsed Time
  6. Flow OS Summary
  7. Flow Log
  8. Flow Messages
  9. Flow Suppressed Messages



----------------
; Legal Notice ;
----------------
Copyright (C) 1991-2015 Altera Corporation. All rights reserved.
Your use of Altera Corporation's design tools, logic functions 
and other software and tools, and its AMPP partner logic 
functions, and any output files from any of the foregoing 
(including device programming or simulation files), and any 
associated documentation or information are expressly subject 
to the terms and conditions of the Altera Program License 
Subscription Agreement, the Altera Quartus II License Agreement,
the Altera MegaCore Function License Agreement, or other 
applicable license agreement, including, without limitation, 
that your use is for the sole purpose of programming logic 
devices manufactured by Altera and sold by Altera or its 
authorized distributors.  Please refer to the applicable 
agreement for further details.



+---------------------------------------------------------------------------------+
; Flow Summary                                                                    ;
+------------------------------------+--------------------------------------------+
; Flow Status                        ; Successful - Fri Apr 15 02:03:16 2016      ;
; Quartus II 64-Bit Version          ; 15.0.0 Build 145 04/22/2015 SJ Web Edition ;
; Revision Name                      ; DE0_Nano                                   ;
; Top-level Entity Name              ; DE0_Nano                                   ;
; Family                             ; Cyclone IV E                               ;
; Device                             ; EP4CE22F17C6                               ;
; Timing Models                      ; Final                                      ;
; Total logic elements               ; 7,100 / 22,320 ( 32 % )                    ;
;     Total combinational functions  ; 5,777 / 22,320 ( 26 % )                    ;
;     Dedicated logic registers      ; 4,694 / 22,320 ( 21 % )                    ;
; Total registers                    ; 4763                                       ;
; Total pins                         ; 146 / 154 ( 95 % )                         ;
; Total virtual pins                 ; 0                                          ;
; Total memory bits                  ; 207,616 / 608,256 ( 34 % )                 ;
; Embedded Multiplier 9-bit elements ; 4 / 132 ( 3 % )                            ;
; Total PLLs                         ; 1 / 4 ( 25 % )                             ;
+------------------------------------+--------------------------------------------+


+-----------------------------------------+
; Flow Settings                           ;
+-------------------+---------------------+
; Option            ; Setting             ;
+-------------------+---------------------+
; Start date & time ; 04/15/2016 02:00:23 ;
; Main task         ; Compilation         ;
; Revision Name     ; DE0_Nano            ;
+-------------------+---------------------+


+----------------------------------------------------------------------------------------------------------------------------------------------------+
; Flow Non-Default Global Settings                                                                                                                   ;
+-------------------------------------+-----------------------------------------------------------------+---------------+---------------+------------+
; Assignment Name                     ; Value                                                           ; Default Value ; Entity Name   ; Section Id ;
+-------------------------------------+-----------------------------------------------------------------+---------------+---------------+------------+
; COMPILER_SIGNATURE_ID               ; 119236239085077.146067842206584                                 ; --            ; --            ; --         ;
; IGNORE_PARTITIONS                   ; On                                                              ; Off           ; --            ; --         ;
; MAX_CORE_JUNCTION_TEMP              ; 85                                                              ; --            ; --            ; --         ;
; MIN_CORE_JUNCTION_TEMP              ; 0                                                               ; --            ; --            ; --         ;
; MISC_FILE                           ; DE0_LT24_SOPC/synthesis/../DE0_LT24_SOPC.cmp                    ; --            ; --            ; --         ;
; MISC_FILE                           ; DE0_LT24_SOPC/synthesis/../../DE0_LT24_SOPC.qsys                ; --            ; --            ; --         ;
; OUTPUT_IO_TIMING_FAR_END_VMEAS      ; Half Signal Swing                                               ; --            ; --            ; --         ;
; OUTPUT_IO_TIMING_FAR_END_VMEAS      ; Half Signal Swing                                               ; --            ; --            ; --         ;
; OUTPUT_IO_TIMING_NEAR_END_VMEAS     ; Half Vccio                                                      ; --            ; --            ; --         ;
; OUTPUT_IO_TIMING_NEAR_END_VMEAS     ; Half Vccio                                                      ; --            ; --            ; --         ;
; PARTITION_COLOR                     ; 16764057                                                        ; --            ; --            ; Top        ;
; PARTITION_FITTER_PRESERVATION_LEVEL ; PLACEMENT_AND_ROUTING                                           ; --            ; --            ; Top        ;
; PARTITION_NETLIST_TYPE              ; SOURCE                                                          ; --            ; --            ; Top        ;
; POWER_BOARD_THERMAL_MODEL           ; None (CONSERVATIVE)                                             ; --            ; --            ; --         ;
; POWER_PRESET_COOLING_SOLUTION       ; 23 MM HEAT SINK WITH 200 LFPM AIRFLOW                           ; --            ; --            ; --         ;
; SLD_FILE                            ; DE0_LT24_SOPC/synthesis/DE0_LT24_SOPC.regmap                    ; --            ; --            ; --         ;
; SLD_FILE                            ; DE0_LT24_SOPC/synthesis/DE0_LT24_SOPC.debuginfo                 ; --            ; --            ; --         ;
; SLD_INFO                            ; QSYS_NAME DE0_LT24_SOPC HAS_SOPCINFO 1 GENERATION_ID 1460676420 ; --            ; DE0_LT24_SOPC ; --         ;
; SOPCINFO_FILE                       ; DE0_LT24_SOPC/synthesis/../../DE0_LT24_SOPC.sopcinfo            ; --            ; --            ; --         ;
; SYNTHESIS_ONLY_QIP                  ; On                                                              ; --            ; --            ; --         ;
+-------------------------------------+-----------------------------------------------------------------+---------------+---------------+------------+


+-------------------------------------------------------------------------------------------------------------------------------+
; Flow Elapsed Time                                                                                                             ;
+---------------------------+--------------+-------------------------+---------------------+------------------------------------+
; Module Name               ; Elapsed Time ; Average Processors Used ; Peak Virtual Memory ; Total CPU Time (on all processors) ;
+---------------------------+--------------+-------------------------+---------------------+------------------------------------+
; Analysis & Synthesis      ; 00:01:34     ; 1.0                     ; 998 MB              ; 00:02:17                           ;
; Fitter                    ; 00:01:00     ; 1.2                     ; 1299 MB             ; 00:01:12                           ;
; Assembler                 ; 00:00:03     ; 1.0                     ; 660 MB              ; 00:00:03                           ;
; TimeQuest Timing Analyzer ; 00:00:13     ; 1.3                     ; 824 MB              ; 00:00:14                           ;
; Total                     ; 00:02:50     ; --                      ; --                  ; 00:03:46                           ;
+---------------------------+--------------+-------------------------+---------------------+------------------------------------+


+----------------------------------------------------------------------------------------+
; Flow OS Summary                                                                        ;
+---------------------------+------------------+-----------+------------+----------------+
; Module Name               ; Machine Hostname ; OS Name   ; OS Version ; Processor type ;
+---------------------------+------------------+-----------+------------+----------------+
; Analysis & Synthesis      ; Louis            ; Windows 7 ; 6.2        ; x86_64         ;
; Fitter                    ; Louis            ; Windows 7 ; 6.2        ; x86_64         ;
; Assembler                 ; Louis            ; Windows 7 ; 6.2        ; x86_64         ;
; TimeQuest Timing Analyzer ; Louis            ; Windows 7 ; 6.2        ; x86_64         ;
+---------------------------+------------------+-----------+------------+----------------+


------------
; Flow Log ;
------------
quartus_map --read_settings_files=on --write_settings_files=off DE0_Nano -c DE0_Nano
quartus_fit --read_settings_files=off --write_settings_files=off DE0_Nano -c DE0_Nano
quartus_asm --read_settings_files=off --write_settings_files=off DE0_Nano -c DE0_Nano
quartus_sta DE0_Nano -c DE0_Nano



